

Started GET "/" for ::1 at 2016-12-23 17:07:56 +0800
  [1m[36mActiveRecord::SchemaMigration Load (22.1ms)[0m  [1mSELECT "schema_migrations".* FROM "schema_migrations"[0m
Processing by HomesController#index as HTML
  Rendered homes/index.html.erb within layouts/application (4575.2ms)
  Rendered layouts/_header.html.erb (5.0ms)
  Rendered layouts/_content.html.erb (1.0ms)
  Rendered layouts/_footer.html.erb (1.0ms)
Completed 200 OK in 5613ms (Views: 5583.9ms | ActiveRecord: 0.0ms)


Started GET "/" for ::1 at 2016-12-23 17:08:18 +0800
Processing by HomesController#index as HTML
  Rendered homes/index.html.erb within layouts/application (3.0ms)
  Rendered layouts/_header.html.erb (1.0ms)
  Rendered layouts/_content.html.erb (0.0ms)
  Rendered layouts/_footer.html.erb (0.0ms)
Completed 200 OK in 359ms (Views: 358.7ms | ActiveRecord: 0.0ms)


Started GET "/sessions/login" for ::1 at 2016-12-23 17:08:22 +0800
Processing by SessionsController#new as HTML
  Rendered sessions/new.html.erb within layouts/application (37.0ms)
  Rendered layouts/_header.html.erb (1.0ms)
  Rendered layouts/_content.html.erb (0.0ms)
  Rendered layouts/_footer.html.erb (0.0ms)
Completed 200 OK in 229ms (Views: 227.4ms | ActiveRecord: 0.0ms)


Started POST "/sessions/login" for ::1 at 2016-12-23 17:08:24 +0800
Processing by SessionsController#create as HTML
  Parameters: {"utf8"=>"✓", "authenticity_token"=>"FTa+JKomVXmBbrNyEgX9tJ9k9HsS+w34kSRG4BTgERik3UqzfCfAIbAnpDtTcUcZffI5yyECW1VYKORGBu1Bew==", "session"=>{"email"=>"teacher1@test.com", "password"=>"[FILTERED]", "remember_me"=>"0"}, "button"=>""}
  [1m[35mUser Load (2.0ms)[0m  SELECT  "users".* FROM "users" WHERE "users"."email" = $1 LIMIT 1  [["email", "teacher1@test.com"]]
  [1m[36m (0.6ms)[0m  [1mBEGIN[0m
  [1m[35m (0.0ms)[0m  COMMIT
Redirected to http://localhost:3000/
Completed 302 Found in 137ms (ActiveRecord: 6.5ms)


Started GET "/" for ::1 at 2016-12-23 17:08:25 +0800
Processing by HomesController#index as HTML
  Rendered homes/index.html.erb within layouts/application (2.0ms)
  [1m[36mUser Load (0.0ms)[0m  [1mSELECT  "users".* FROM "users" WHERE "users"."id" = $1 LIMIT 1[0m  [["id", 2]]
  Rendered layouts/_header.html.erb (3.4ms)
  Rendered layouts/_content.html.erb (0.0ms)
  Rendered layouts/_footer.html.erb (0.0ms)
Completed 200 OK in 166ms (Views: 165.7ms | ActiveRecord: 0.0ms)


Started GET "/courses" for ::1 at 2016-12-23 17:08:26 +0800
Processing by CoursesController#index as HTML
  [1m[35mUser Load (0.5ms)[0m  SELECT  "users".* FROM "users" WHERE "users"."id" = $1 LIMIT 1  [["id", 2]]
  [1m[36mSemester Load (0.0ms)[0m  [1mSELECT "semesters".* FROM "semesters"[0m
  [1m[35mCourse Load (1.0ms)[0m  SELECT "courses".* FROM "courses" WHERE "courses"."teacher_id" = $1  [["teacher_id", 2]]
  [1m[36mUser Load (18.0ms)[0m  [1mSELECT "users".* FROM "users" INNER JOIN "grades" ON "users"."id" = "grades"."user_id" WHERE "grades"."course_id" = $1[0m  [["course_id", 1]]
  Rendered shared/_sidenav.html.erb (86.9ms)
  [1m[35mCACHE (0.0ms)[0m  SELECT  "users".* FROM "users" WHERE "users"."id" = $1 LIMIT 1  [["id", 2]]
  Rendered courses/index.html.erb within layouts/application (130.1ms)
  Rendered layouts/_header.html.erb (1.0ms)
  Rendered layouts/_content.html.erb (0.0ms)
  Rendered layouts/_footer.html.erb (0.0ms)
Completed 200 OK in 375ms (Views: 292.9ms | ActiveRecord: 22.6ms)


Started GET "/grades?course_id=1" for ::1 at 2016-12-23 17:08:30 +0800
Processing by GradesController#index as HTML
  Parameters: {"authenticity_token"=>"x/WYoyuPrKeUcT8emj4Rg/jcrLd3QBmiipYJsbNiIW12Hmw0/Y45/6U4KFfbSqsuGkphB0S5Tw9DmqsXoW9xDg==", "course_id"=>"1"}
  [1m[36mUser Load (0.0ms)[0m  [1mSELECT  "users".* FROM "users" WHERE "users"."id" = $1 LIMIT 1[0m  [["id", 2]]
  [1m[35mCourse Load (0.0ms)[0m  SELECT  "courses".* FROM "courses" WHERE "courses"."id" = $1 LIMIT 1  [["id", 1]]
  [1m[36mSemester Load (1.0ms)[0m  [1mSELECT "semesters".* FROM "semesters"[0m
  [1m[35mCourse Load (0.0ms)[0m  SELECT "courses".* FROM "courses" WHERE "courses"."teacher_id" = $1  [["teacher_id", 2]]
  [1m[36mUser Load (1.0ms)[0m  [1mSELECT "users".* FROM "users" INNER JOIN "grades" ON "users"."id" = "grades"."user_id" WHERE "grades"."course_id" = $1[0m  [["course_id", 1]]
  Rendered shared/_sidenav.html.erb (8.0ms)
  [1m[35mGrade Load (0.0ms)[0m  SELECT "grades".* FROM "grades" WHERE "grades"."course_id" = $1  [["course_id", 1]]
  [1m[36mUser Load (1.0ms)[0m  [1mSELECT  "users".* FROM "users" WHERE "users"."id" = $1 LIMIT 1[0m  [["id", 47]]
  [1m[35mUser Load (0.0ms)[0m  SELECT  "users".* FROM "users" WHERE "users"."id" = $1 LIMIT 1  [["id", 50]]
  [1m[36mUser Load (1.0ms)[0m  [1mSELECT  "users".* FROM "users" WHERE "users"."id" = $1 LIMIT 1[0m  [["id", 62]]
  [1m[35mUser Load (0.0ms)[0m  SELECT  "users".* FROM "users" WHERE "users"."id" = $1 LIMIT 1  [["id", 130]]
  [1m[36mUser Load (0.0ms)[0m  [1mSELECT  "users".* FROM "users" WHERE "users"."id" = $1 LIMIT 1[0m  [["id", 131]]
  [1m[35mUser Load (0.4ms)[0m  SELECT  "users".* FROM "users" WHERE "users"."id" = $1 LIMIT 1  [["id", 137]]
  [1m[36mUser Load (0.0ms)[0m  [1mSELECT  "users".* FROM "users" WHERE "users"."id" = $1 LIMIT 1[0m  [["id", 170]]
  [1m[35mUser Load (0.5ms)[0m  SELECT  "users".* FROM "users" WHERE "users"."id" = $1 LIMIT 1  [["id", 220]]
  [1m[36mUser Load (0.0ms)[0m  [1mSELECT  "users".* FROM "users" WHERE "users"."id" = $1 LIMIT 1[0m  [["id", 226]]
  [1m[35mUser Load (0.5ms)[0m  SELECT  "users".* FROM "users" WHERE "users"."id" = $1 LIMIT 1  [["id", 232]]
  [1m[36mUser Load (0.0ms)[0m  [1mSELECT  "users".* FROM "users" WHERE "users"."id" = $1 LIMIT 1[0m  [["id", 234]]
  [1m[35mUser Load (0.5ms)[0m  SELECT  "users".* FROM "users" WHERE "users"."id" = $1 LIMIT 1  [["id", 91]]
  [1m[36mUser Load (0.0ms)[0m  [1mSELECT  "users".* FROM "users" WHERE "users"."id" = $1 LIMIT 1[0m  [["id", 39]]
  [1m[35mUser Load (1.0ms)[0m  SELECT  "users".* FROM "users" WHERE "users"."id" = $1 LIMIT 1  [["id", 58]]
  [1m[36mUser Load (0.0ms)[0m  [1mSELECT  "users".* FROM "users" WHERE "users"."id" = $1 LIMIT 1[0m  [["id", 79]]
  [1m[35mUser Load (1.0ms)[0m  SELECT  "users".* FROM "users" WHERE "users"."id" = $1 LIMIT 1  [["id", 129]]
  [1m[36mUser Load (0.0ms)[0m  [1mSELECT  "users".* FROM "users" WHERE "users"."id" = $1 LIMIT 1[0m  [["id", 136]]
  [1m[35mUser Load (0.0ms)[0m  SELECT  "users".* FROM "users" WHERE "users"."id" = $1 LIMIT 1  [["id", 162]]
  [1m[36mUser Load (0.0ms)[0m  [1mSELECT  "users".* FROM "users" WHERE "users"."id" = $1 LIMIT 1[0m  [["id", 185]]
  [1m[35mUser Load (1.0ms)[0m  SELECT  "users".* FROM "users" WHERE "users"."id" = $1 LIMIT 1  [["id", 214]]
  Rendered grades/index.html.erb within layouts/application (91.2ms)
  Rendered layouts/_header.html.erb (1.0ms)
  Rendered layouts/_content.html.erb (0.0ms)
  Rendered layouts/_footer.html.erb (0.0ms)
Completed 200 OK in 269ms (Views: 256.3ms | ActiveRecord: 9.0ms)
